Removed Pin From Net: NetName=26V Pin=BR1-1
Removed Pin From Net: NetName=20VAC_1 Pin=BR1-2
Removed Pin From Net: NetName=26V_h1 Pin=BR2-1
Removed Pin From Net: NetName=MOT+ Pin=BR2-3
Removed Pin From Net: NetName=26V_h2 Pin=BR3-1
Removed Pin From Net: NetName=MOT- Pin=BR3-3
Removed Pin From Net: NetName=26V_l34 Pin=BR4-1
Removed Pin From Net: NetName=GND Pin=BR4-3
Removed Pin From Net: NetName=26V_vcc Pin=BR5-1
Removed Pin From Net: NetName=VSS Pin=BR5-3
Added Component: Designator=BR2(BRIGE RECTIFIER)
Add component. Clean all parameters for all variants
Add component (AddParameter): Name = "Datasheet link"; Value = "http://www.vishay.com/docs/88769/woo5g.pdf"; VariantName = "[No Variations]"
Add component (AddParameter): Name = "Detailed Description "; Value = "Bridge Rectifier Single Phase Standard 400V Through Hole WOG"; VariantName = "[No Variations]"
Add component (AddParameter): Name = "Digi-Key Part Number "; Value = "W04G-E4/51GI-ND"; VariantName = "[No Variations]"
Add component (AddParameter): Name = "Manufacturer Part Number "; Value = "W04G-E4/51"; VariantName = "[No Variations]"
Added Component: Designator=BR3(BRIGE RECTIFIER)
Add component. Clean all parameters for all variants
Add component (AddParameter): Name = "Datasheet link"; Value = "http://www.vishay.com/docs/88769/woo5g.pdf"; VariantName = "[No Variations]"
Add component (AddParameter): Name = "Detailed Description "; Value = "Bridge Rectifier Single Phase Standard 400V Through Hole WOG"; VariantName = "[No Variations]"
Add component (AddParameter): Name = "Digi-Key Part Number "; Value = "W04G-E4/51GI-ND"; VariantName = "[No Variations]"
Add component (AddParameter): Name = "Manufacturer Part Number "; Value = "W04G-E4/51"; VariantName = "[No Variations]"
Added Component: Designator=BR4(BRIGE RECTIFIER)
Add component. Clean all parameters for all variants
Add component (AddParameter): Name = "Datasheet link"; Value = "http://www.vishay.com/docs/88769/woo5g.pdf"; VariantName = "[No Variations]"
Add component (AddParameter): Name = "Detailed Description "; Value = "Bridge Rectifier Single Phase Standard 400V Through Hole WOG"; VariantName = "[No Variations]"
Add component (AddParameter): Name = "Digi-Key Part Number "; Value = "W04G-E4/51GI-ND"; VariantName = "[No Variations]"
Add component (AddParameter): Name = "Manufacturer Part Number "; Value = "W04G-E4/51"; VariantName = "[No Variations]"
Added Component: Designator=BR5(BRIGE RECTIFIER)
Add component. Clean all parameters for all variants
Add component (AddParameter): Name = "Datasheet link"; Value = "http://www.vishay.com/docs/88769/woo5g.pdf"; VariantName = "[No Variations]"
Add component (AddParameter): Name = "Detailed Description "; Value = "Bridge Rectifier Single Phase Standard 400V Through Hole WOG"; VariantName = "[No Variations]"
Add component (AddParameter): Name = "Digi-Key Part Number "; Value = "W04G-E4/51GI-ND"; VariantName = "[No Variations]"
Add component (AddParameter): Name = "Manufacturer Part Number "; Value = "W04G-E4/51"; VariantName = "[No Variations]"
Added Component: Designator=P2(HEADER 8 PIN)
Add component. Clean all parameters for all variants
Add component (AddParameter): Name = "LatestRevisionDate"; Value = "17-Jul-2002"; VariantName = "[No Variations]"
Add component (AddParameter): Name = "LatestRevisionNote"; Value = "Re-released for DXP Platform."; VariantName = "[No Variations]"
Add component (AddParameter): Name = "Publisher"; Value = "Altium Limited"; VariantName = "[No Variations]"
Added Pin To Net: NetName=20VAC_1 Pin=BR1-1
Added Pin To Net: NetName=26V Pin=BR1-2
Added Pin To Net: NetName=26V_h1 Pin=BR2-2
Added Pin To Net: NetName=MOT+ Pin=BR2-3
Added Pin To Net: NetName=26V_h2 Pin=BR3-2
Added Pin To Net: NetName=MOT- Pin=BR3-3
Added Pin To Net: NetName=26V_l34 Pin=BR4-2
Added Pin To Net: NetName=GND Pin=BR4-3
Added Pin To Net: NetName=26V_vcc Pin=BR5-2
Added Pin To Net: NetName=VSS Pin=BR5-3
Added Pin To Net: NetName=20VAC_h1 Pin=BR2-1
Added Pin To Net: NetName=20VAC_h1 Pin=P2-1
Added Net: Name=20VAC_h1
Added Pin To Net: NetName=20VAC_h2 Pin=BR3-1
Added Pin To Net: NetName=20VAC_h2 Pin=P2-3
Added Net: Name=20VAC_h2
Added Pin To Net: NetName=20VAC_l34 Pin=BR4-1
Added Pin To Net: NetName=20VAC_l34 Pin=P2-5
Added Net: Name=20VAC_l34
Added Pin To Net: NetName=20VAC_vcc Pin=BR5-1
Added Pin To Net: NetName=20VAC_vcc Pin=P2-7
Added Net: Name=20VAC_vcc
Added Pin To Net: NetName=GND_AC_h1 Pin=BR2-4
Added Pin To Net: NetName=GND_AC_h1 Pin=P2-2
Added Net: Name=GND_AC_h1
Added Pin To Net: NetName=GND_AC_h2 Pin=BR3-4
Added Pin To Net: NetName=GND_AC_h2 Pin=P2-4
Added Net: Name=GND_AC_h2
Added Pin To Net: NetName=GND_AC_l34 Pin=BR4-4
Added Pin To Net: NetName=GND_AC_l34 Pin=P2-6
Added Net: Name=GND_AC_l34
Added Pin To Net: NetName=GND_AC_vss Pin=BR5-4
Added Pin To Net: NetName=GND_AC_vss Pin=P2-8
Added Net: Name=GND_AC_vss
