Added Component: Designator=OP(OP AMP LM358AP)
Add component. Clean all parameters for all variants
Add component (AddParameter): Name = "Arrow Part Number"; Value = "LM358AP"; VariantName = "[No Variations]"
Add component (AddParameter): Name = "Arrow Price/Stock"; Value = "https://www.arrow.com/en/products/lm358ap/texas-instruments"; VariantName = "[No Variations]"
Add component (AddParameter): Name = "Datasheet Link"; Value = "http://www.ti.com/lit/gpn/lm358a"; VariantName = "[No Variations]"
Add component (AddParameter): Name = "Height"; Value = "5.08mm"; VariantName = "[No Variations]"
Add component (AddParameter): Name = "Manufacturer_Name"; Value = "Texas Instruments"; VariantName = "[No Variations]"
Add component (AddParameter): Name = "Manufacturer_Part_Number"; Value = "LM358AP"; VariantName = "[No Variations]"
Add component (AddParameter): Name = "Mouser Part Number"; Value = "595-LM358AP"; VariantName = "[No Variations]"
Add component (AddParameter): Name = "Mouser Price/Stock"; Value = "https://www.mouser.co.uk/ProductDetail/Texas-Instruments/LM358AP?qs=Zu35EjizYSShld7Gr9Muww%3D%3D"; VariantName = "[No Variations]"
Added Pin To Net: NetName=NetIC9_6 Pin=OP-1
Added Pin To Net: NetName=NetIC9_6 Pin=OP-2
Added Pin To Net: NetName=NetIC9_6 Pin=OP-3
Added Pin To Net: NetName=VSS Pin=OP-4
Added Pin To Net: NetName=NetC9_2 Pin=OP-8
Added Pin To Net: NetName=NetIC9_6 Pin=R22-1
Added Pin To Net: NetName=NetIC9_6 Pin=R23-2
Change Net Name : Old Net Name=NetIC12_3 New Net Name=NetP4_2
Added Member To Class: ClassName=Energetski deo Member=Component OP OP AMP
Added Room: Name=Energetski deo
Added Room: Name=Napajanje_1
Added Room: Name=Napajanje_2
Added Room: Name=Upravljacki deo
