Removed Pin From Net: NetName=20VAC_h1 Pin=BR2-1
Removed Pin From Net: NetName=26V_h1 Pin=BR2-2
Removed Pin From Net: NetName=20VAC_h2 Pin=BR3-1
Removed Pin From Net: NetName=26V_h2 Pin=BR3-2
Removed Pin From Net: NetName=20VAC_l34 Pin=BR4-1
Removed Pin From Net: NetName=26V_l34 Pin=BR4-2
Removed Pin From Net: NetName=20VAC_vcc Pin=BR5-1
Removed Pin From Net: NetName=26V_vcc Pin=BR5-2
Removed Pin From Net: NetName=GND_AC_2 Pin=BR6-2
Removed Pin From Net: NetName=12VAC Pin=BR6-4
Added Pin To Net: NetName=26V_h1 Pin=BR2-1
Added Pin To Net: NetName=20VAC_h1 Pin=BR2-2
Added Pin To Net: NetName=26V_h2 Pin=BR3-1
Added Pin To Net: NetName=20VAC_h2 Pin=BR3-2
Added Pin To Net: NetName=26V_l34 Pin=BR4-1
Added Pin To Net: NetName=20VAC_l34 Pin=BR4-2
Added Pin To Net: NetName=26V_vcc Pin=BR5-1
Added Pin To Net: NetName=20VAC_vcc Pin=BR5-2
Added Pin To Net: NetName=12VAC Pin=BR6-2
Added Pin To Net: NetName=GND_AC_2 Pin=BR6-4
