Removed Pin From Net: NetName=NetIC9_6 Pin=OP_VDC-1
Removed Pin From Net: NetName=GND Pin=OP_VDC-2
Removed Pin From Net: NetName=VSS Pin=OP_VDC-4
Removed Pin From Net: NetName=VCC Pin=OP_VDC-8
Removed Member From Class: ClassName=Napajanje_2 Member=OP_VDC
Added Component: Designator=OP_VDC?(OP AMP LM358AP)
Add component. Clean all parameters for all variants
Add component (AddParameter): Name = "Arrow Part Number"; Value = "LM358AP"; VariantName = "[No Variations]"
Add component (AddParameter): Name = "Arrow Price/Stock"; Value = "https://www.arrow.com/en/products/lm358ap/texas-instruments"; VariantName = "[No Variations]"
Add component (AddParameter): Name = "Datasheet Link"; Value = "http://www.ti.com/lit/gpn/lm358a"; VariantName = "[No Variations]"
Add component (AddParameter): Name = "Height"; Value = "5.08mm"; VariantName = "[No Variations]"
Add component (AddParameter): Name = "Manufacturer_Name"; Value = "Texas Instruments"; VariantName = "[No Variations]"
Add component (AddParameter): Name = "Manufacturer_Part_Number"; Value = "LM358AP"; VariantName = "[No Variations]"
Add component (AddParameter): Name = "Mouser Part Number"; Value = "595-LM358AP"; VariantName = "[No Variations]"
Add component (AddParameter): Name = "Mouser Price/Stock"; Value = "https://www.mouser.co.uk/ProductDetail/Texas-Instruments/LM358AP?qs=Zu35EjizYSShld7Gr9Muww%3D%3D"; VariantName = "[No Variations]"
Added Pin To Net: NetName=NetIC9_6 Pin=OP_VDC?-1
Added Pin To Net: NetName=GND Pin=OP_VDC?-2
Added Pin To Net: NetName=VSS Pin=OP_VDC?-4
Added Pin To Net: NetName=VCC Pin=OP_VDC?-8
Added Pin To Net: NetName=NetOP_VDC?_3 Pin=OP_VDC?-3
Added Pin To Net: NetName=NetOP_VDC?_3 Pin=R1-1
Added Pin To Net: NetName=NetOP_VDC?_3 Pin=R2-2
Added Net: Name=NetOP_VDC?_3
Added Member To Class: ClassName=Napajanje_1 Member=Component OP_VDC? OP AMP
Added Room: Name=Energetski deo
Added Room: Name=Napajanje_1
Added Room: Name=Napajanje_2
Added Room: Name=Upravljacki deo
