Added Component: Designator=IC1(TO254P470X1016X2019-3P)
Add component. Clean all parameters for all variants
Add component (AddParameter): Name = "Datasheet Link"; Value = "https://componentsearchengine.com/Datasheets/2/LM7805ACT.pdf"; VariantName = "[No Variations]"
Add component (AddParameter): Name = "Manufacturer_Name"; Value = "ON Semiconductor"; VariantName = "[No Variations]"
Add component (AddParameter): Name = "Manufacturer_Part_Number"; Value = "LM7812ACT"; VariantName = "[No Variations]"
Add component (AddParameter): Name = "Mouser Part Number"; Value = "512-LM7812ACT"; VariantName = "[No Variations]"
Add component (AddParameter): Name = "Mouser Price/Stock"; Value = "https://www.mouser.com/Search/Refine.aspx?Keyword=512-LM7805ACT"; VariantName = "[No Variations]"
Add component (AddParameter): Name = "RS Part Number"; Value = "8062839"; VariantName = "[No Variations]"
Add component (AddParameter): Name = "RS Price/Stock"; Value = "http://uk.rs-online.com/web/p/products/8062839"; VariantName = "[No Variations]"
Added Component: Designator=IC2(TO254P470X1016X2019-3P)
Add component. Clean all parameters for all variants
Add component (AddParameter): Name = "Datasheet Link"; Value = "https://componentsearchengine.com/Datasheets/2/LM7805ACT.pdf"; VariantName = "[No Variations]"
Add component (AddParameter): Name = "Manufacturer_Name"; Value = "ON Semiconductor"; VariantName = "[No Variations]"
Add component (AddParameter): Name = "Manufacturer_Part_Number"; Value = "LM7812ACT"; VariantName = "[No Variations]"
Add component (AddParameter): Name = "Mouser Part Number"; Value = "512-LM7812ACT"; VariantName = "[No Variations]"
Add component (AddParameter): Name = "Mouser Price/Stock"; Value = "https://www.mouser.com/Search/Refine.aspx?Keyword=512-LM7805ACT"; VariantName = "[No Variations]"
Add component (AddParameter): Name = "RS Part Number"; Value = "8062839"; VariantName = "[No Variations]"
Add component (AddParameter): Name = "RS Price/Stock"; Value = "http://uk.rs-online.com/web/p/products/8062839"; VariantName = "[No Variations]"
Added Component: Designator=IC3(TO254P470X1016X2019-3P)
Add component. Clean all parameters for all variants
Add component (AddParameter): Name = "Datasheet Link"; Value = "https://componentsearchengine.com/Datasheets/2/LM7805ACT.pdf"; VariantName = "[No Variations]"
Add component (AddParameter): Name = "Manufacturer_Name"; Value = "ON Semiconductor"; VariantName = "[No Variations]"
Add component (AddParameter): Name = "Manufacturer_Part_Number"; Value = "LM7812ACT"; VariantName = "[No Variations]"
Add component (AddParameter): Name = "Mouser Part Number"; Value = "512-LM7812ACT"; VariantName = "[No Variations]"
Add component (AddParameter): Name = "Mouser Price/Stock"; Value = "https://www.mouser.com/Search/Refine.aspx?Keyword=512-LM7805ACT"; VariantName = "[No Variations]"
Add component (AddParameter): Name = "RS Part Number"; Value = "8062839"; VariantName = "[No Variations]"
Add component (AddParameter): Name = "RS Price/Stock"; Value = "http://uk.rs-online.com/web/p/products/8062839"; VariantName = "[No Variations]"
Added Component: Designator=IC4(TO254P470X1016X2019-3P)
Add component. Clean all parameters for all variants
Add component (AddParameter): Name = "Datasheet Link"; Value = "https://componentsearchengine.com/Datasheets/2/LM7805ACT.pdf"; VariantName = "[No Variations]"
Add component (AddParameter): Name = "Height"; Value = "4.7mm"; VariantName = "[No Variations]"
Add component (AddParameter): Name = "Manufacturer_Name"; Value = "ON Semiconductor"; VariantName = "[No Variations]"
Add component (AddParameter): Name = "Manufacturer_Part_Number"; Value = "LM7805ACT"; VariantName = "[No Variations]"
Add component (AddParameter): Name = "Mouser Part Number"; Value = "512-LM7805ACT"; VariantName = "[No Variations]"
Add component (AddParameter): Name = "Mouser Price/Stock"; Value = "https://www.mouser.com/Search/Refine.aspx?Keyword=512-LM7805ACT"; VariantName = "[No Variations]"
Add component (AddParameter): Name = "RS Part Number"; Value = "8062839"; VariantName = "[No Variations]"
Add component (AddParameter): Name = "RS Price/Stock"; Value = "http://uk.rs-online.com/web/p/products/8062839"; VariantName = "[No Variations]"
Added Pin To Net: NetName=26V_h1 Pin=IC1-1
Added Pin To Net: NetName=MOT+ Pin=IC1-2
Added Pin To Net: NetName=NetC3_2 Pin=IC1-3
Added Pin To Net: NetName=26V_h2 Pin=IC2-1
Added Pin To Net: NetName=MOT- Pin=IC2-2
Added Pin To Net: NetName=NetC5_2 Pin=IC2-3
Added Pin To Net: NetName=26V_l34 Pin=IC3-1
Added Pin To Net: NetName=GND Pin=IC3-2
Added Pin To Net: NetName=NetC7_2 Pin=IC3-3
Added Pin To Net: NetName=26V_vcc Pin=IC4-1
Added Pin To Net: NetName=VSS Pin=IC4-2
Added Pin To Net: NetName=VCC Pin=IC4-3
Added Member To Class: ClassName=Napajanje_2 Member=Component IC1 512-LM7812ACT
Added Member To Class: ClassName=Napajanje_2 Member=Component IC2 512-LM7812ACT
Added Member To Class: ClassName=Napajanje_2 Member=Component IC3 512-LM7812ACT
Added Member To Class: ClassName=Napajanje_2 Member=Component IC4 LM7805ACT
Added Room: Name=Energetski deo
Added Room: Name=Napajanje_1
Added Room: Name=Napajanje_2
Added Room: Name=Upravljacki deo
