Change Component Designator: OldDesignator=OPV NewDesignator=OP_EMF
Added Component: Designator=OP_VDC(OP AMP LM358AP)
Add component. Clean all parameters for all variants
Add component (AddParameter): Name = "Arrow Part Number"; Value = "LM358AP"; VariantName = "[No Variations]"
Add component (AddParameter): Name = "Arrow Price/Stock"; Value = "https://www.arrow.com/en/products/lm358ap/texas-instruments"; VariantName = "[No Variations]"
Add component (AddParameter): Name = "Datasheet Link"; Value = "http://www.ti.com/lit/gpn/lm358a"; VariantName = "[No Variations]"
Add component (AddParameter): Name = "Height"; Value = "5.08mm"; VariantName = "[No Variations]"
Add component (AddParameter): Name = "Manufacturer_Name"; Value = "Texas Instruments"; VariantName = "[No Variations]"
Add component (AddParameter): Name = "Manufacturer_Part_Number"; Value = "LM358AP"; VariantName = "[No Variations]"
Add component (AddParameter): Name = "Mouser Part Number"; Value = "595-LM358AP"; VariantName = "[No Variations]"
Add component (AddParameter): Name = "Mouser Price/Stock"; Value = "https://www.mouser.co.uk/ProductDetail/Texas-Instruments/LM358AP?qs=Zu35EjizYSShld7Gr9Muww%3D%3D"; VariantName = "[No Variations]"
Added Pin To Net: NetName=NetIC9_4 Pin=OP_VDC-1
Added Pin To Net: NetName=NetIC9_4 Pin=OP_VDC-3
Added Pin To Net: NetName=REF Pin=OP_VDC-8
Change Net Name : Old Net Name=NetOPV_2 New Net Name=NetOP_EMF_2
Added Pin To Net: NetName=NetOP_VDC_2 Pin=OP_VDC-2
Added Pin To Net: NetName=NetOP_VDC_2 Pin=OP_VDC-4
Added Net: Name=NetOP_VDC_2
Added Member To Class: ClassName=Napajanje_1 Member=Component OP_VDC OP AMP
Added Room: Name=Energetski deo
Added Room: Name=Napajanje_1
Added Room: Name=Napajanje_2
Added Room: Name=Upravljacki deo
