Added Component: Designator=Q7(MOSFET, 400V, 5,4A)
Add component. Clean all parameters for all variants
Add component (AddParameter): Name = "Datasheet Link"; Value = "https://www.st.com/content/ccc/resource/technical/document/datasheet/67/d1/ab/b4/95/b0/4c/33/CD00003040.pdf/files/CD00003040.pdf/jcr:content/translations/en.CD00003040.pdf"; VariantName = "[No Variations]"
Add component (AddParameter): Name = "Detailed description"; Value = "N-Channel 400V 5.4A (Tc) 70W (Tc) Through Hole TO-220AB"; VariantName = "[No Variations]"
Add component (AddParameter): Name = "Digi-key Part Number"; Value = "497-3200-5-ND"; VariantName = "[No Variations]"
Add component (AddParameter): Name = "Manufacturer_Name"; Value = "STMicroelectronics"; VariantName = "[No Variations]"
Add component (AddParameter): Name = "Manufacturer_Part_Number"; Value = "STP7NK40ZFP"; VariantName = "[No Variations]"
Added Component: Designator=Q8(MOSFET, 400V, 5,4A)
Add component. Clean all parameters for all variants
Add component (AddParameter): Name = "Datasheet Link"; Value = "https://www.st.com/content/ccc/resource/technical/document/datasheet/67/d1/ab/b4/95/b0/4c/33/CD00003040.pdf/files/CD00003040.pdf/jcr:content/translations/en.CD00003040.pdf"; VariantName = "[No Variations]"
Add component (AddParameter): Name = "Detailed description"; Value = "N-Channel 400V 5.4A (Tc) 70W (Tc) Through Hole TO-220AB"; VariantName = "[No Variations]"
Add component (AddParameter): Name = "Digi-key Part Number"; Value = "497-3200-5-ND"; VariantName = "[No Variations]"
Add component (AddParameter): Name = "Manufacturer_Name"; Value = "STMicroelectronics"; VariantName = "[No Variations]"
Add component (AddParameter): Name = "Manufacturer_Part_Number"; Value = "STP7NK40ZFP"; VariantName = "[No Variations]"
Added Component: Designator=Q9(MOSFET, 400V, 5,4A)
Add component. Clean all parameters for all variants
Add component (AddParameter): Name = "Datasheet Link"; Value = "https://www.st.com/content/ccc/resource/technical/document/datasheet/67/d1/ab/b4/95/b0/4c/33/CD00003040.pdf/files/CD00003040.pdf/jcr:content/translations/en.CD00003040.pdf"; VariantName = "[No Variations]"
Add component (AddParameter): Name = "Detailed description"; Value = "N-Channel 400V 5.4A (Tc) 70W (Tc) Through Hole TO-220AB"; VariantName = "[No Variations]"
Add component (AddParameter): Name = "Digi-key Part Number"; Value = "497-3200-5-ND"; VariantName = "[No Variations]"
Add component (AddParameter): Name = "Manufacturer_Name"; Value = "STMicroelectronics"; VariantName = "[No Variations]"
Add component (AddParameter): Name = "Manufacturer_Part_Number"; Value = "STP7NK40ZFP"; VariantName = "[No Variations]"
Added Component: Designator=Q11(MOSFET, 400V, 5,4A)
Add component. Clean all parameters for all variants
Add component (AddParameter): Name = "Datasheet Link"; Value = "https://www.st.com/content/ccc/resource/technical/document/datasheet/67/d1/ab/b4/95/b0/4c/33/CD00003040.pdf/files/CD00003040.pdf/jcr:content/translations/en.CD00003040.pdf"; VariantName = "[No Variations]"
Add component (AddParameter): Name = "Detailed description"; Value = "N-Channel 400V 5.4A (Tc) 70W (Tc) Through Hole TO-220AB"; VariantName = "[No Variations]"
Add component (AddParameter): Name = "Digi-key Part Number"; Value = "497-3200-5-ND"; VariantName = "[No Variations]"
Add component (AddParameter): Name = "Manufacturer_Name"; Value = "STMicroelectronics"; VariantName = "[No Variations]"
Add component (AddParameter): Name = "Manufacturer_Part_Number"; Value = "STP7NK40ZFP"; VariantName = "[No Variations]"
Added Pin To Net: NetName=VSS Pin=Q7-1
Added Pin To Net: NetName=NetIC9_37 Pin=Q7-2
Added Pin To Net: NetName=VSS Pin=Q8-1
Added Pin To Net: NetName=NetIC9_36 Pin=Q8-2
Added Pin To Net: NetName=VSS Pin=Q9-1
Added Pin To Net: NetName=NetIC9_35 Pin=Q9-2
Added Pin To Net: NetName=VSS Pin=Q11-1
Added Pin To Net: NetName=NetIC9_29 Pin=Q11-2
Added Pin To Net: NetName=NetIC6_3 Pin=IC6-3
Added Pin To Net: NetName=NetIC6_3 Pin=Q7-3
Added Net: Name=NetIC6_3
Added Pin To Net: NetName=NetIC7_3 Pin=IC7-3
Added Pin To Net: NetName=NetIC7_3 Pin=Q8-3
Added Net: Name=NetIC7_3
Added Pin To Net: NetName=NetIC8_3 Pin=IC8-3
Added Pin To Net: NetName=NetIC8_3 Pin=Q9-3
Added Net: Name=NetIC8_3
Added Pin To Net: NetName=NetIC11_3 Pin=IC11-3
Added Pin To Net: NetName=NetIC11_3 Pin=Q11-3
Added Net: Name=NetIC11_3
Added Member To Class: ClassName=Upravljacki deo Member=Component Q7 STP7NK40Z
Added Member To Class: ClassName=Upravljacki deo Member=Component Q8 STP7NK40Z
Added Member To Class: ClassName=Upravljacki deo Member=Component Q9 STP7NK40Z
Added Member To Class: ClassName=Upravljacki deo Member=Component Q11 STP7NK40Z
Added Room: Name=Energetski deo
Added Room: Name=Napajanje_1
Added Room: Name=Napajanje_2
Added Room: Name=Upravljacki deo
