Removed Pin From Net: NetName=GND Pin=Q5-1
Removed Pin From Net: NetName=NetC19_1 Pin=Q5-2
Removed Pin From Net: NetName=NetD0_1 Pin=Q5-3
Change Component Footprint: Designator=Q5 Old Footprint=MOSFET, 400V, 5,4A New Footprint=MOSFET 400V, 5.4A
Change Component Comment : Designator=Q5 Old Comment=STP7NK40Z New Comment=STP7NK40ZFP
Change component parameters: Designator = "Q5"; Footprint = "MOSFET 400V, 5.4A"; UniqueID = "\UDFHMERS"
Change component parameters. Clean all parameters for all variants
Change component parameters (AddParameter): Name = "Allied_Number"; Value = "70547873"; VariantName = "[No Variations]"
Change component parameters (AddParameter): Name = "Allied Price/Stock"; Value = "http://www.alliedelec.com/stmicroelectronics-stp7nk40zfp/70547873/"; VariantName = "[No Variations]"
Change component parameters (AddParameter): Name = "Datasheet Link"; Value = "http://www.st.com/web/en/resource/technical/document/datasheet/CD00003040.pdf"; VariantName = "[No Variations]"
Change component parameters (AddParameter): Name = "Height"; Value = "4.6mm"; VariantName = "[No Variations]"
Change component parameters (AddParameter): Name = "Manufacturer_Name"; Value = "STMicroelectronics"; VariantName = "[No Variations]"
Change component parameters (AddParameter): Name = "Manufacturer_Part_Number"; Value = "STP7NK40ZFP"; VariantName = "[No Variations]"
Change component parameters (AddParameter): Name = "Mouser Part Number"; Value = "511-STP7NK40ZFP"; VariantName = "[No Variations]"
Change component parameters (AddParameter): Name = "Mouser Price/Stock"; Value = "https://www.mouser.com/Search/Refine.aspx?Keyword=511-STP7NK40ZFP"; VariantName = "[No Variations]"
Change component parameters (AddParameter): Name = "RS Part Number"; Value = "8107418"; VariantName = "[No Variations]"
Change component parameters (AddParameter): Name = "RS Price/Stock"; Value = "https://uk.rs-online.com/web/p/products/8107418"; VariantName = "[No Variations]"
Added Pin To Net: NetName=NetC19_1 Pin=Q5-1
Added Pin To Net: NetName=NetD0_1 Pin=Q5-2
Added Pin To Net: NetName=GND Pin=Q5-3
Added Room: Name=Energetski deo
Added Room: Name=Napajanje_1
Added Room: Name=Napajanje_2
Added Room: Name=Upravljacki deo
