Removed Pin From Net: NetName=NetACS712_7 Pin=IC9-4
Added Component: Designator=OP_V_HALL(OP AMP LM358AP)
Add component. Clean all parameters for all variants
Add component (AddParameter): Name = "Arrow Part Number"; Value = "LM358AP"; VariantName = "[No Variations]"
Add component (AddParameter): Name = "Arrow Price/Stock"; Value = "https://www.arrow.com/en/products/lm358ap/texas-instruments"; VariantName = "[No Variations]"
Add component (AddParameter): Name = "Datasheet Link"; Value = "http://www.ti.com/lit/gpn/lm358a"; VariantName = "[No Variations]"
Add component (AddParameter): Name = "Height"; Value = "5.08mm"; VariantName = "[No Variations]"
Add component (AddParameter): Name = "Manufacturer_Name"; Value = "Texas Instruments"; VariantName = "[No Variations]"
Add component (AddParameter): Name = "Manufacturer_Part_Number"; Value = "LM358AP"; VariantName = "[No Variations]"
Add component (AddParameter): Name = "Mouser Part Number"; Value = "595-LM358AP"; VariantName = "[No Variations]"
Add component (AddParameter): Name = "Mouser Price/Stock"; Value = "https://www.mouser.co.uk/ProductDetail/Texas-Instruments/LM358AP?qs=Zu35EjizYSShld7Gr9Muww%3D%3D"; VariantName = "[No Variations]"
Added Pin To Net: NetName=NetACS712_7 Pin=OP_V_HALL-3
Added Pin To Net: NetName=VSS Pin=OP_V_HALL-4
Added Pin To Net: NetName=VCC Pin=OP_V_HALL-8
Added Pin To Net: NetName=NetIC9_4 Pin=IC9-4
Added Net: Name=NetIC9_4
Added Pin To Net: NetName=NetIC9_34 Pin=IC9-34
Added Pin To Net: NetName=NetIC9_34 Pin=Q10-1
Added Net: Name=NetIC9_34
Added Pin To Net: NetName=NetOP_V_HALL_1 Pin=OP_V_HALL-1
Added Net: Name=NetOP_V_HALL_1
Added Member To Class: ClassName=Energetski deo Member=Component OP_V_HALL OP AMP
Added Room: Name=Energetski deo
Added Room: Name=Napajanje_1
Added Room: Name=Napajanje_2
Added Room: Name=Upravljacki deo
