Replace Part BR_DSP Bridge rectifier in C:\Users\IT\Desktop\Ongoing\TopVel diplomski\V4\Napajanje_1.SchDoc with Bridge rectifier from Coper.SchLib
Replace Part BR_NAP Bridge rectifier in C:\Users\IT\Desktop\Ongoing\TopVel diplomski\V4\Napajanje_1.SchDoc with Bridge rectifier from Coper.SchLib
Replace Part BR_TIR Bridge rectifier in C:\Users\IT\Desktop\Ongoing\TopVel diplomski\V4\Napajanje_1.SchDoc with Bridge rectifier from Coper.SchLib
Replace Part BR_TRAN1 Bridge rectifier in C:\Users\IT\Desktop\Ongoing\TopVel diplomski\V4\Napajanje_1.SchDoc with Bridge rectifier from Coper.SchLib
Replace Part BR_TRAN2 Bridge rectifier in C:\Users\IT\Desktop\Ongoing\TopVel diplomski\V4\Napajanje_1.SchDoc with Bridge rectifier from Coper.SchLib
Replace Part BR_TRAN34 Bridge rectifier in C:\Users\IT\Desktop\Ongoing\TopVel diplomski\V4\Napajanje_1.SchDoc with Bridge rectifier from Coper.SchLib
Replace Part C1 Cap3 in C:\Users\IT\Desktop\Ongoing\TopVel diplomski\V4\Napajanje_1.SchDoc with Cap3 from Coper.SchLib
Replace Part C2 Cap3 in C:\Users\IT\Desktop\Ongoing\TopVel diplomski\V4\Napajanje_1.SchDoc with Cap3 from Coper.SchLib
Replace Part C3 Cap4 in C:\Users\IT\Desktop\Ongoing\TopVel diplomski\V4\Napajanje_1.SchDoc with Cap4 from Coper.SchLib
Replace Part C4 Cap3 in C:\Users\IT\Desktop\Ongoing\TopVel diplomski\V4\Napajanje_1.SchDoc with Cap3 from Coper.SchLib
Replace Part C5 Cap4 in C:\Users\IT\Desktop\Ongoing\TopVel diplomski\V4\Napajanje_1.SchDoc with Cap4 from Coper.SchLib
Replace Part C6 Cap3 in C:\Users\IT\Desktop\Ongoing\TopVel diplomski\V4\Napajanje_1.SchDoc with Cap3 from Coper.SchLib
Replace Part C7 Cap4 in C:\Users\IT\Desktop\Ongoing\TopVel diplomski\V4\Napajanje_1.SchDoc with Cap4 from Coper.SchLib
Replace Part C8 Cap3 in C:\Users\IT\Desktop\Ongoing\TopVel diplomski\V4\Napajanje_1.SchDoc with Cap3 from Coper.SchLib
Replace Part C9 Cap4 in C:\Users\IT\Desktop\Ongoing\TopVel diplomski\V4\Napajanje_1.SchDoc with Cap4 from Coper.SchLib
Replace Part CE1 Cap2 in C:\Users\IT\Desktop\Ongoing\TopVel diplomski\V4\Napajanje_1.SchDoc with Cap2 from Coper.SchLib
Replace Part CE2 Cap1 in C:\Users\IT\Desktop\Ongoing\TopVel diplomski\V4\Napajanje_1.SchDoc with Cap1 from Coper.SchLib
Replace Part CE3 Cap1 in C:\Users\IT\Desktop\Ongoing\TopVel diplomski\V4\Napajanje_1.SchDoc with Cap1 from Coper.SchLib
Replace Part CE4 Cap1 in C:\Users\IT\Desktop\Ongoing\TopVel diplomski\V4\Napajanje_1.SchDoc with Cap1 from Coper.SchLib
Replace Part CE5 Cap1 in C:\Users\IT\Desktop\Ongoing\TopVel diplomski\V4\Napajanje_1.SchDoc with Cap1 from Coper.SchLib
Replace Part CE6 Cap1 in C:\Users\IT\Desktop\Ongoing\TopVel diplomski\V4\Napajanje_1.SchDoc with Cap1 from Coper.SchLib
Replace Part CE7 Cap1 in C:\Users\IT\Desktop\Ongoing\TopVel diplomski\V4\Napajanje_1.SchDoc with Cap1 from Coper.SchLib
Replace Part CE8 Cap1 in C:\Users\IT\Desktop\Ongoing\TopVel diplomski\V4\Napajanje_1.SchDoc with Cap1 from Coper.SchLib
Replace Part CE9 Cap1 in C:\Users\IT\Desktop\Ongoing\TopVel diplomski\V4\Napajanje_1.SchDoc with Cap1 from Coper.SchLib
Replace Part CIN2 Connector 8 in C:\Users\IT\Desktop\Ongoing\TopVel diplomski\V4\Napajanje_1.SchDoc with Connector 8 from Coper.SchLib
Replace Part D0 Diode in C:\Users\IT\Desktop\Ongoing\TopVel diplomski\V4\Napajanje_1.SchDoc with Diode from Coper.SchLib
Replace Part IC1 IC2 in C:\Users\IT\Desktop\Ongoing\TopVel diplomski\V4\Napajanje_1.SchDoc with IC2 from Coper.SchLib
Replace Part IC2 IC2 in C:\Users\IT\Desktop\Ongoing\TopVel diplomski\V4\Napajanje_1.SchDoc with IC2 from Coper.SchLib
Replace Part IC3 IC2 in C:\Users\IT\Desktop\Ongoing\TopVel diplomski\V4\Napajanje_1.SchDoc with IC2 from Coper.SchLib
Replace Part IC4 IC1 in C:\Users\IT\Desktop\Ongoing\TopVel diplomski\V4\Napajanje_1.SchDoc with IC1 from Coper.SchLib
Replace Part Q1 MOSFET in C:\Users\IT\Desktop\Ongoing\TopVel diplomski\V4\Napajanje_1.SchDoc with MOSFET from Coper.SchLib
Replace Part Q2 MOSFET in C:\Users\IT\Desktop\Ongoing\TopVel diplomski\V4\Napajanje_1.SchDoc with MOSFET from Coper.SchLib
Replace Part Q3 MOSFET in C:\Users\IT\Desktop\Ongoing\TopVel diplomski\V4\Napajanje_1.SchDoc with MOSFET from Coper.SchLib
Replace Part Q4 MOSFET in C:\Users\IT\Desktop\Ongoing\TopVel diplomski\V4\Napajanje_1.SchDoc with MOSFET from Coper.SchLib
Replace Part Q5 MOSFET in C:\Users\IT\Desktop\Ongoing\TopVel diplomski\V4\Napajanje_1.SchDoc with MOSFET from Coper.SchLib
Replace Part R0 Res5 in C:\Users\IT\Desktop\Ongoing\TopVel diplomski\V4\Napajanje_1.SchDoc with Res5 from Coper.SchLib
Replace Part R1 Res2 in C:\Users\IT\Desktop\Ongoing\TopVel diplomski\V4\Napajanje_1.SchDoc with Res2 from Coper.SchLib
Replace Part R2 Res1 in C:\Users\IT\Desktop\Ongoing\TopVel diplomski\V4\Napajanje_1.SchDoc with Res1 from Coper.SchLib
Replace Part R3 Res2 in C:\Users\IT\Desktop\Ongoing\TopVel diplomski\V4\Napajanje_1.SchDoc with Res2 from Coper.SchLib
Replace Part T1 Thyristor1 in C:\Users\IT\Desktop\Ongoing\TopVel diplomski\V4\Napajanje_1.SchDoc with Thyristor1 from Coper.SchLib
