Replace Part ACS712 Current sensor in C:\Users\IT\Desktop\Ongoing\TopVel diplomski\V4\Upravljacki deo.SchDoc with Current sensor from Coper.SchLib
Replace Part C10 Cap4 in C:\Users\IT\Desktop\Ongoing\TopVel diplomski\V4\Upravljacki deo.SchDoc with Cap4 from Coper.SchLib
Replace Part C11 Cap4 in C:\Users\IT\Desktop\Ongoing\TopVel diplomski\V4\Upravljacki deo.SchDoc with Cap4 from Coper.SchLib
Replace Part C12 Cap4 in C:\Users\IT\Desktop\Ongoing\TopVel diplomski\V4\Upravljacki deo.SchDoc with Cap4 from Coper.SchLib
Replace Part C13 Cap4 in C:\Users\IT\Desktop\Ongoing\TopVel diplomski\V4\Upravljacki deo.SchDoc with Cap4 from Coper.SchLib
Replace Part C14 Cap6 in C:\Users\IT\Desktop\Ongoing\TopVel diplomski\V4\Upravljacki deo.SchDoc with Cap6 from Coper.SchLib
Replace Part C15 Cap6 in C:\Users\IT\Desktop\Ongoing\TopVel diplomski\V4\Upravljacki deo.SchDoc with Cap6 from Coper.SchLib
Replace Part C16 Cap6 in C:\Users\IT\Desktop\Ongoing\TopVel diplomski\V4\Upravljacki deo.SchDoc with Cap6 from Coper.SchLib
Replace Part C17 Cap6 in C:\Users\IT\Desktop\Ongoing\TopVel diplomski\V4\Upravljacki deo.SchDoc with Cap6 from Coper.SchLib
Replace Part C18 Cap4 in C:\Users\IT\Desktop\Ongoing\TopVel diplomski\V4\Upravljacki deo.SchDoc with Cap4 from Coper.SchLib
Replace Part C19 Cap6 in C:\Users\IT\Desktop\Ongoing\TopVel diplomski\V4\Upravljacki deo.SchDoc with Cap6 from Coper.SchLib
Replace Part C20 Cap4 in C:\Users\IT\Desktop\Ongoing\TopVel diplomski\V4\Upravljacki deo.SchDoc with Cap4 from Coper.SchLib
Replace Part C22 Cap10 in C:\Users\IT\Desktop\Ongoing\TopVel diplomski\V4\Upravljacki deo.SchDoc with Cap10 from Coper.SchLib
Replace Part C23 Cap9 in C:\Users\IT\Desktop\Ongoing\TopVel diplomski\V4\Upravljacki deo.SchDoc with Cap9 from Coper.SchLib
Replace Part C? Cap 0402 22p in C:\Users\IT\Desktop\Ongoing\TopVel diplomski\V4\Upravljacki deo.SchDoc with Cap 0402 22p from Coper.SchLib
Replace Part C? Cap 0402 22p in C:\Users\IT\Desktop\Ongoing\TopVel diplomski\V4\Upravljacki deo.SchDoc with Cap 0402 22p from Coper.SchLib
Replace Part CE10 Cap8 in C:\Users\IT\Desktop\Ongoing\TopVel diplomski\V4\Upravljacki deo.SchDoc with Cap8 from Coper.SchLib
Replace Part CE11 Cap8 in C:\Users\IT\Desktop\Ongoing\TopVel diplomski\V4\Upravljacki deo.SchDoc with Cap8 from Coper.SchLib
Replace Part CE12 Cap8 in C:\Users\IT\Desktop\Ongoing\TopVel diplomski\V4\Upravljacki deo.SchDoc with Cap8 from Coper.SchLib
Replace Part CE13 Cap8 in C:\Users\IT\Desktop\Ongoing\TopVel diplomski\V4\Upravljacki deo.SchDoc with Cap8 from Coper.SchLib
Replace Part CE14 Cap8 in C:\Users\IT\Desktop\Ongoing\TopVel diplomski\V4\Upravljacki deo.SchDoc with Cap8 from Coper.SchLib
Replace Part CE15 Cap8 in C:\Users\IT\Desktop\Ongoing\TopVel diplomski\V4\Upravljacki deo.SchDoc with Cap8 from Coper.SchLib
Replace Part IC5 IC3 in C:\Users\IT\Desktop\Ongoing\TopVel diplomski\V4\Upravljacki deo.SchDoc with IC3 from Coper.SchLib
Replace Part IC6 IC3 in C:\Users\IT\Desktop\Ongoing\TopVel diplomski\V4\Upravljacki deo.SchDoc with IC3 from Coper.SchLib
Replace Part IC7 IC3 in C:\Users\IT\Desktop\Ongoing\TopVel diplomski\V4\Upravljacki deo.SchDoc with IC3 from Coper.SchLib
Replace Part IC8 IC3 in C:\Users\IT\Desktop\Ongoing\TopVel diplomski\V4\Upravljacki deo.SchDoc with IC3 from Coper.SchLib
Replace Part IC9 IC4 in C:\Users\IT\Desktop\Ongoing\TopVel diplomski\V4\Upravljacki deo.SchDoc with IC4 from Coper.SchLib
Replace Part IC10 IC3 in C:\Users\IT\Desktop\Ongoing\TopVel diplomski\V4\Upravljacki deo.SchDoc with IC3 from Coper.SchLib
Replace Part IC11 IC3 in C:\Users\IT\Desktop\Ongoing\TopVel diplomski\V4\Upravljacki deo.SchDoc with IC3 from Coper.SchLib
Replace Part IC12 TLC27M4AIN in C:\Users\IT\Desktop\Ongoing\TopVel diplomski\V4\Upravljacki deo.SchDoc with TLC27M4AIN from Coper.SchLib
Replace Part P3 Connector 2 in C:\Users\IT\Desktop\Ongoing\TopVel diplomski\V4\Upravljacki deo.SchDoc with Connector 2 from Coper.SchLib
Replace Part P4 Connector 2 in C:\Users\IT\Desktop\Ongoing\TopVel diplomski\V4\Upravljacki deo.SchDoc with Connector 2 from Coper.SchLib
Replace Part Q6 MOSFET in C:\Users\IT\Desktop\Ongoing\TopVel diplomski\V4\Upravljacki deo.SchDoc with MOSFET from Coper.SchLib
Replace Part Q7 MOSFET in C:\Users\IT\Desktop\Ongoing\TopVel diplomski\V4\Upravljacki deo.SchDoc with MOSFET from Coper.SchLib
Replace Part Q8 MOSFET in C:\Users\IT\Desktop\Ongoing\TopVel diplomski\V4\Upravljacki deo.SchDoc with MOSFET from Coper.SchLib
Replace Part Q9 MOSFET in C:\Users\IT\Desktop\Ongoing\TopVel diplomski\V4\Upravljacki deo.SchDoc with MOSFET from Coper.SchLib
Replace Part Q10 MOSFET in C:\Users\IT\Desktop\Ongoing\TopVel diplomski\V4\Upravljacki deo.SchDoc with MOSFET from Coper.SchLib
Replace Part Q11 MOSFET in C:\Users\IT\Desktop\Ongoing\TopVel diplomski\V4\Upravljacki deo.SchDoc with MOSFET from Coper.SchLib
Replace Part R4 Res3 in C:\Users\IT\Desktop\Ongoing\TopVel diplomski\V4\Upravljacki deo.SchDoc with Res3 from Coper.SchLib
Replace Part R5 Res3 in C:\Users\IT\Desktop\Ongoing\TopVel diplomski\V4\Upravljacki deo.SchDoc with Res3 from Coper.SchLib
Replace Part R6 Res3 in C:\Users\IT\Desktop\Ongoing\TopVel diplomski\V4\Upravljacki deo.SchDoc with Res3 from Coper.SchLib
Replace Part R7 Res3 in C:\Users\IT\Desktop\Ongoing\TopVel diplomski\V4\Upravljacki deo.SchDoc with Res3 from Coper.SchLib
Replace Part R8 Res7 in C:\Users\IT\Desktop\Ongoing\TopVel diplomski\V4\Upravljacki deo.SchDoc with Res7 from Coper.SchLib
Replace Part R9 Res3 in C:\Users\IT\Desktop\Ongoing\TopVel diplomski\V4\Upravljacki deo.SchDoc with Res3 from Coper.SchLib
Replace Part R10 Res3 in C:\Users\IT\Desktop\Ongoing\TopVel diplomski\V4\Upravljacki deo.SchDoc with Res3 from Coper.SchLib
Replace Part R11 Res6 in C:\Users\IT\Desktop\Ongoing\TopVel diplomski\V4\Upravljacki deo.SchDoc with Res6 from Coper.SchLib
Replace Part R12 Res4 in C:\Users\IT\Desktop\Ongoing\TopVel diplomski\V4\Upravljacki deo.SchDoc with Res4 from Coper.SchLib
Replace Part R13 Res8 in C:\Users\IT\Desktop\Ongoing\TopVel diplomski\V4\Upravljacki deo.SchDoc with Res8 from Coper.SchLib
Replace Part R14 Res4 in C:\Users\IT\Desktop\Ongoing\TopVel diplomski\V4\Upravljacki deo.SchDoc with Res4 from Coper.SchLib
Replace Part R15 Res9 in C:\Users\IT\Desktop\Ongoing\TopVel diplomski\V4\Upravljacki deo.SchDoc with Res9 from Coper.SchLib
Replace Part R16 Res4 in C:\Users\IT\Desktop\Ongoing\TopVel diplomski\V4\Upravljacki deo.SchDoc with Res4 from Coper.SchLib
Replace Part R17 Res8 in C:\Users\IT\Desktop\Ongoing\TopVel diplomski\V4\Upravljacki deo.SchDoc with Res8 from Coper.SchLib
Replace Part R22 Res2 in C:\Users\IT\Desktop\Ongoing\TopVel diplomski\V4\Upravljacki deo.SchDoc with Res2 from Coper.SchLib
Replace Part R23 Res1 in C:\Users\IT\Desktop\Ongoing\TopVel diplomski\V4\Upravljacki deo.SchDoc with Res1 from Coper.SchLib
Replace Part Y? Crystal oscillator in C:\Users\IT\Desktop\Ongoing\TopVel diplomski\V4\Upravljacki deo.SchDoc with Crystal oscillator from Coper.SchLib
Replace Part ZD1 Zener Diode in C:\Users\IT\Desktop\Ongoing\TopVel diplomski\V4\Upravljacki deo.SchDoc with Zener Diode from Coper.SchLib
Replace Part ZD2 Zener Diode in C:\Users\IT\Desktop\Ongoing\TopVel diplomski\V4\Upravljacki deo.SchDoc with Zener Diode from Coper.SchLib
Replace Part ZD3 Zener Diode in C:\Users\IT\Desktop\Ongoing\TopVel diplomski\V4\Upravljacki deo.SchDoc with Zener Diode from Coper.SchLib
Replace Part ZD4 Zener Diode in C:\Users\IT\Desktop\Ongoing\TopVel diplomski\V4\Upravljacki deo.SchDoc with Zener Diode from Coper.SchLib
Replace Part ZD5 Zener Diode in C:\Users\IT\Desktop\Ongoing\TopVel diplomski\V4\Upravljacki deo.SchDoc with Zener Diode from Coper.SchLib
Replace Part ZD6 Zener Diode in C:\Users\IT\Desktop\Ongoing\TopVel diplomski\V4\Upravljacki deo.SchDoc with Zener Diode from Coper.SchLib
Replace Part ZD7 Zener Diode in C:\Users\IT\Desktop\Ongoing\TopVel diplomski\V4\Upravljacki deo.SchDoc with Zener Diode from Coper.SchLib
